0 info it worked if it ends with ok
1 verbose cli [
1 verbose cli   'D:\\StudyTools\\node\\node.exe',
1 verbose cli   'D:\\StudyTools\\node\\node_modules\\npm\\bin\\npm-cli.js',
1 verbose cli   'run',
1 verbose cli   'server'
1 verbose cli ]
2 info using npm@6.14.8
3 info using node@v14.15.1
4 verbose stack Error: missing script: server
4 verbose stack
4 verbose stack Did you mean this?
4 verbose stack     serve
4 verbose stack     at run (D:\StudyTools\node\node_modules\npm\lib\run-script.js:155:19)
4 verbose stack     at D:\StudyTools\node\node_modules\npm\lib\run-script.js:63:5
4 verbose stack     at D:\StudyTools\node\node_modules\npm\node_modules\read-package-json\read-json.js:116:5
4 verbose stack     at D:\StudyTools\node\node_modules\npm\node_modules\read-package-json\read-json.js:436:5
4 verbose stack     at checkBinReferences_ (D:\StudyTools\node\node_modules\npm\node_modules\read-package-json\read-json.js:391:45)
4 verbose stack     at final (D:\StudyTools\node\node_modules\npm\node_modules\read-package-json\read-json.js:434:3)
4 verbose stack     at then (D:\StudyTools\node\node_modules\npm\node_modules\read-package-json\read-json.js:161:5)
4 verbose stack     at D:\StudyTools\node\node_modules\npm\node_modules\read-package-json\read-json.js:382:12
4 verbose stack     at D:\StudyTools\node\node_modules\npm\node_modules\graceful-fs\graceful-fs.js:123:16
4 verbose stack     at FSReqCallback.readFileAfterClose [as oncomplete] (internal/fs/read_file_context.js:63:3)
5 verbose cwd F:\webCodes\myproject
6 verbose Windows_NT 10.0.18363
7 verbose argv "D:\\StudyTools\\node\\node.exe" "D:\\StudyTools\\node\\node_modules\\npm\\bin\\npm-cli.js" "run" "server"
8 verbose node v14.15.1
9 verbose npm  v6.14.8
10 error missing script: server
10 error
10 error Did you mean this?
10 error     serve
11 verbose exit [ 1, true ]
